#-----------------------------------------------------------
# Vivado v2018.2 (64-bit)
# SW Build 2258646 on Thu Jun 14 20:03:12 MDT 2018
# IP Build 2256618 on Thu Jun 14 22:10:49 MDT 2018
# Start of session at: Mon Oct 23 12:09:33 2023
# Process ID: 4228
# Current directory: D:/NUS/Vivado/Project/CAPTCHA_CIRCLES
# Command line: vivado.exe -gui_launcher_event rodinguilauncherevent15648 D:\NUS\Vivado\Project\CAPTCHA_CIRCLES\CAPTCHA_CIRCLES.xpr
# Log file: D:/NUS/Vivado/Project/CAPTCHA_CIRCLES/vivado.log
# Journal file: D:/NUS/Vivado/Project/CAPTCHA_CIRCLES\vivado.jou
#-----------------------------------------------------------
start_gui
open_project D:/NUS/Vivado/Project/CAPTCHA_CIRCLES/CAPTCHA_CIRCLES.xpr
Scanning sources...
Finished scanning sources
INFO: [IP_Flow 19-234] Refreshing IP repositories
INFO: [IP_Flow 19-1704] No user IP repositories specified
INFO: [IP_Flow 19-2313] Loaded Vivado IP repository 'D:/Vivado/2018.2/data/ip'.
open_project: Time (s): cpu = 00:00:13 ; elapsed = 00:00:28 . Memory (MB): peak = 784.668 ; gain = 57.949
close [ open D:/NUS/Vivado/Project/CAPTCHA_CIRCLES/CAPTCHA_CIRCLES.srcs/sources_1/new/CIRCLE_GENERATOR.v w ]
add_files D:/NUS/Vivado/Project/CAPTCHA_CIRCLES/CAPTCHA_CIRCLES.srcs/sources_1/new/CIRCLE_GENERATOR.v
close [ open D:/NUS/Vivado/Project/CAPTCHA_CIRCLES/CAPTCHA_CIRCLES.srcs/sources_1/new/DIST_CALC.v w ]
add_files D:/NUS/Vivado/Project/CAPTCHA_CIRCLES/CAPTCHA_CIRCLES.srcs/sources_1/new/DIST_CALC.v
close [ open D:/NUS/Vivado/Project/CAPTCHA_CIRCLES/CAPTCHA_CIRCLES.srcs/sources_1/new/INTEGRATOR_PLACEHOLDER.v w ]
add_files D:/NUS/Vivado/Project/CAPTCHA_CIRCLES/CAPTCHA_CIRCLES.srcs/sources_1/new/INTEGRATOR_PLACEHOLDER.v
close [ open D:/NUS/Vivado/Project/CAPTCHA_CIRCLES/CAPTCHA_CIRCLES.srcs/sources_1/new/CIRCLE_TOP.v w ]
add_files D:/NUS/Vivado/Project/CAPTCHA_CIRCLES/CAPTCHA_CIRCLES.srcs/sources_1/new/CIRCLE_TOP.v
export_ip_user_files -of_objects  [get_files D:/NUS/Vivado/Project/CAPTCHA_CIRCLES/CAPTCHA_CIRCLES.srcs/sources_1/new/RECT_TOP.v] -no_script -reset -force -quiet
remove_files  D:/NUS/Vivado/Project/CAPTCHA_CIRCLES/CAPTCHA_CIRCLES.srcs/sources_1/new/RECT_TOP.v
file delete -force D:/NUS/Vivado/Project/CAPTCHA_CIRCLES/CAPTCHA_CIRCLES.srcs/sources_1/new/RECT_TOP.v
set_property top INTEGRATOR_PLACEHOLDER [current_fileset]
open_project D:/NUS/Vivado/Project/MODS/MODS.xpr
CRITICAL WARNING: [Project 1-19] Could not find the file 'D:/NUS/Vivado/Project/MODS/MODS.srcs/sources_1/imports/MouseAudioDisplay/archive_project_summary.txt'.
Scanning sources...
Finished scanning sources
INFO: [IP_Flow 19-234] Refreshing IP repositories
INFO: [IP_Flow 19-1704] No user IP repositories specified
INFO: [IP_Flow 19-2313] Loaded Vivado IP repository 'D:/Vivado/2018.2/data/ip'.
open_project: Time (s): cpu = 00:00:04 ; elapsed = 00:00:14 . Memory (MB): peak = 915.270 ; gain = 55.008
update_compile_order -fileset sources_1
close_project
add_files -fileset constrs_1 -norecurse D:/NUS/Vivado/Project/CAPTCHA_CIRCLES/CAPTCHA_CIRCLES.srcs/constrs_1/new/CAPTCHA_Constraints.xdc
launch_runs impl_1 -to_step write_bitstream -jobs 2
INFO: [Vivado 12-4149] The synthesis checkpoint for IP 'D:/NUS/Vivado/Project/CAPTCHA_CIRCLES/CAPTCHA_CIRCLES.srcs/sources_1/imports/Desktop/blk_mem_gen_inter/blk_mem_gen_inter.xci' is already up-to-date
INFO: [Vivado 12-4149] The synthesis checkpoint for IP 'D:/NUS/Vivado/Project/CAPTCHA_CIRCLES/CAPTCHA_CIRCLES.srcs/sources_1/imports/Desktop/blk_mem_gen_const/blk_mem_gen_const.xci' is already up-to-date
INFO: [Vivado 12-4149] The synthesis checkpoint for IP 'D:/NUS/Vivado/Project/CAPTCHA_CIRCLES/CAPTCHA_CIRCLES.srcs/sources_1/imports/Desktop/blk_mem_gen_img/blk_mem_gen_img.xci' is already up-to-date
INFO: [Vivado 12-4149] The synthesis checkpoint for IP 'D:/NUS/Vivado/Project/CAPTCHA_CIRCLES/CAPTCHA_CIRCLES.srcs/sources_1/imports/Desktop/blk_mem_gen_0_1/blk_mem_gen_0.xci' is already up-to-date
[Mon Oct 23 18:49:09 2023] Launched synth_1...
Run output will be captured here: D:/NUS/Vivado/Project/CAPTCHA_CIRCLES/CAPTCHA_CIRCLES.runs/synth_1/runme.log
[Mon Oct 23 18:49:09 2023] Launched impl_1...
Run output will be captured here: D:/NUS/Vivado/Project/CAPTCHA_CIRCLES/CAPTCHA_CIRCLES.runs/impl_1/runme.log
set_property top CIRCLE_TOP [current_fileset]
reset_run synth_1
WARNING: [Vivado 12-1017] Problems encountered:
1. Failed to delete one or more files in run directory D:/NUS/Vivado/Project/CAPTCHA_CIRCLES/CAPTCHA_CIRCLES.runs/synth_1

launch_runs impl_1 -to_step write_bitstream -jobs 2
INFO: [Vivado 12-4149] The synthesis checkpoint for IP 'D:/NUS/Vivado/Project/CAPTCHA_CIRCLES/CAPTCHA_CIRCLES.srcs/sources_1/imports/Desktop/blk_mem_gen_inter/blk_mem_gen_inter.xci' is already up-to-date
INFO: [Vivado 12-4149] The synthesis checkpoint for IP 'D:/NUS/Vivado/Project/CAPTCHA_CIRCLES/CAPTCHA_CIRCLES.srcs/sources_1/imports/Desktop/blk_mem_gen_const/blk_mem_gen_const.xci' is already up-to-date
INFO: [Vivado 12-4149] The synthesis checkpoint for IP 'D:/NUS/Vivado/Project/CAPTCHA_CIRCLES/CAPTCHA_CIRCLES.srcs/sources_1/imports/Desktop/blk_mem_gen_img/blk_mem_gen_img.xci' is already up-to-date
INFO: [Vivado 12-4149] The synthesis checkpoint for IP 'D:/NUS/Vivado/Project/CAPTCHA_CIRCLES/CAPTCHA_CIRCLES.srcs/sources_1/imports/Desktop/blk_mem_gen_0_1/blk_mem_gen_0.xci' is already up-to-date
[Mon Oct 23 18:50:39 2023] Launched synth_1...
Run output will be captured here: D:/NUS/Vivado/Project/CAPTCHA_CIRCLES/CAPTCHA_CIRCLES.runs/synth_1/runme.log
[Mon Oct 23 18:50:39 2023] Launched impl_1...
Run output will be captured here: D:/NUS/Vivado/Project/CAPTCHA_CIRCLES/CAPTCHA_CIRCLES.runs/impl_1/runme.log
open_hw
connect_hw_server
INFO: [Labtools 27-2285] Connecting to hw_server url TCP:localhost:3121
INFO: [Labtools 27-2222] Launching hw_server...
INFO: [Labtools 27-2221] Launch Output:

****** Xilinx hw_server v2018.2
  **** Build date : Jun 14 2018-20:42:52
    ** Copyright 1986-2018 Xilinx, Inc. All Rights Reserved.


open_hw_target
INFO: [Labtoolstcl 44-466] Opening hw_target localhost:3121/xilinx_tcf/Digilent/210183739907A
set_property PROGRAM.FILE {D:/NUS/Vivado/Project/CAPTCHA_CIRCLES/CAPTCHA_CIRCLES.runs/impl_1/CIRCLE_TOP.bit} [get_hw_devices xc7a35t_0]
current_hw_device [get_hw_devices xc7a35t_0]
refresh_hw_device -update_hw_probes false [lindex [get_hw_devices xc7a35t_0] 0]
INFO: [Labtools 27-1434] Device xc7a35t (JTAG device index = 0) is programmed with a design that has no supported debug core(s) in it.
WARNING: [Labtools 27-3361] The debug hub core was not detected.
Resolution: 
1. Make sure the clock connected to the debug hub (dbg_hub) core is a free running clock and is active.
2. Make sure the BSCAN_SWITCH_USER_MASK device property in Vivado Hardware Manager reflects the user scan chain setting in the design and refresh the device.  To determine the user scan chain setting in the design, open the implemented design and use 'get_property C_USER_SCAN_CHAIN [get_debug_cores dbg_hub]'.
For more details on setting the scan chain property, consult the Vivado Debug and Programming User Guide (UG908).
set_property PROBES.FILE {} [get_hw_devices xc7a35t_0]
set_property FULL_PROBES.FILE {} [get_hw_devices xc7a35t_0]
set_property PROGRAM.FILE {D:/NUS/Vivado/Project/CAPTCHA_CIRCLES/CAPTCHA_CIRCLES.runs/impl_1/CIRCLE_TOP.bit} [get_hw_devices xc7a35t_0]
program_hw_devices [get_hw_devices xc7a35t_0]
INFO: [Labtools 27-3164] End of startup status: HIGH
refresh_hw_device [lindex [get_hw_devices xc7a35t_0] 0]
INFO: [Labtools 27-1434] Device xc7a35t (JTAG device index = 0) is programmed with a design that has no supported debug core(s) in it.
WARNING: [Labtools 27-3361] The debug hub core was not detected.
Resolution: 
1. Make sure the clock connected to the debug hub (dbg_hub) core is a free running clock and is active.
2. Make sure the BSCAN_SWITCH_USER_MASK device property in Vivado Hardware Manager reflects the user scan chain setting in the design and refresh the device.  To determine the user scan chain setting in the design, open the implemented design and use 'get_property C_USER_SCAN_CHAIN [get_debug_cores dbg_hub]'.
For more details on setting the scan chain property, consult the Vivado Debug and Programming User Guide (UG908).
set_property PROBES.FILE {} [get_hw_devices xc7a35t_0]
set_property FULL_PROBES.FILE {} [get_hw_devices xc7a35t_0]
set_property PROGRAM.FILE {D:/NUS/Vivado/Project/CAPTCHA_CIRCLES/CAPTCHA_CIRCLES.runs/impl_1/CIRCLE_TOP.bit} [get_hw_devices xc7a35t_0]
program_hw_devices [get_hw_devices xc7a35t_0]
INFO: [Labtools 27-3164] End of startup status: HIGH
refresh_hw_device [lindex [get_hw_devices xc7a35t_0] 0]
INFO: [Labtools 27-1434] Device xc7a35t (JTAG device index = 0) is programmed with a design that has no supported debug core(s) in it.
WARNING: [Labtools 27-3361] The debug hub core was not detected.
Resolution: 
1. Make sure the clock connected to the debug hub (dbg_hub) core is a free running clock and is active.
2. Make sure the BSCAN_SWITCH_USER_MASK device property in Vivado Hardware Manager reflects the user scan chain setting in the design and refresh the device.  To determine the user scan chain setting in the design, open the implemented design and use 'get_property C_USER_SCAN_CHAIN [get_debug_cores dbg_hub]'.
For more details on setting the scan chain property, consult the Vivado Debug and Programming User Guide (UG908).
ERROR: [Labtoolstcl 44-513] HW Target shutdown. Closing target: localhost:3121/xilinx_tcf/Digilent/210183739907A
INFO: [Labtoolstcl 44-466] Opening hw_target localhost:3121/xilinx_tcf/Digilent/210183739907A
INFO: [Labtools 27-1434] Device xc7a35t (JTAG device index = 0) is programmed with a design that has no supported debug core(s) in it.
WARNING: [Labtools 27-3361] The debug hub core was not detected.
Resolution: 
1. Make sure the clock connected to the debug hub (dbg_hub) core is a free running clock and is active.
2. Make sure the BSCAN_SWITCH_USER_MASK device property in Vivado Hardware Manager reflects the user scan chain setting in the design and refresh the device.  To determine the user scan chain setting in the design, open the implemented design and use 'get_property C_USER_SCAN_CHAIN [get_debug_cores dbg_hub]'.
For more details on setting the scan chain property, consult the Vivado Debug and Programming User Guide (UG908).
WARNING: [Labtoolstcl 44-129] No matching hw_ila_data was found.
set_property PROBES.FILE {} [get_hw_devices xc7a35t_0]
set_property FULL_PROBES.FILE {} [get_hw_devices xc7a35t_0]
set_property PROGRAM.FILE {D:/NUS/Vivado/Project/CAPTCHA_CIRCLES/CAPTCHA_CIRCLES.runs/impl_1/CIRCLE_TOP.bit} [get_hw_devices xc7a35t_0]
program_hw_devices [get_hw_devices xc7a35t_0]
INFO: [Labtools 27-3164] End of startup status: HIGH
refresh_hw_device [lindex [get_hw_devices xc7a35t_0] 0]
INFO: [Labtools 27-1434] Device xc7a35t (JTAG device index = 0) is programmed with a design that has no supported debug core(s) in it.
WARNING: [Labtools 27-3361] The debug hub core was not detected.
Resolution: 
1. Make sure the clock connected to the debug hub (dbg_hub) core is a free running clock and is active.
2. Make sure the BSCAN_SWITCH_USER_MASK device property in Vivado Hardware Manager reflects the user scan chain setting in the design and refresh the device.  To determine the user scan chain setting in the design, open the implemented design and use 'get_property C_USER_SCAN_CHAIN [get_debug_cores dbg_hub]'.
For more details on setting the scan chain property, consult the Vivado Debug and Programming User Guide (UG908).
reset_run synth_1
WARNING: [Vivado 12-1017] Problems encountered:
1. Failed to delete one or more files in run directory D:/NUS/Vivado/Project/CAPTCHA_CIRCLES/CAPTCHA_CIRCLES.runs/synth_1

launch_runs impl_1 -to_step write_bitstream -jobs 2
INFO: [Vivado 12-4149] The synthesis checkpoint for IP 'D:/NUS/Vivado/Project/CAPTCHA_CIRCLES/CAPTCHA_CIRCLES.srcs/sources_1/imports/Desktop/blk_mem_gen_inter/blk_mem_gen_inter.xci' is already up-to-date
INFO: [Vivado 12-4149] The synthesis checkpoint for IP 'D:/NUS/Vivado/Project/CAPTCHA_CIRCLES/CAPTCHA_CIRCLES.srcs/sources_1/imports/Desktop/blk_mem_gen_const/blk_mem_gen_const.xci' is already up-to-date
INFO: [Vivado 12-4149] The synthesis checkpoint for IP 'D:/NUS/Vivado/Project/CAPTCHA_CIRCLES/CAPTCHA_CIRCLES.srcs/sources_1/imports/Desktop/blk_mem_gen_img/blk_mem_gen_img.xci' is already up-to-date
INFO: [Vivado 12-4149] The synthesis checkpoint for IP 'D:/NUS/Vivado/Project/CAPTCHA_CIRCLES/CAPTCHA_CIRCLES.srcs/sources_1/imports/Desktop/blk_mem_gen_0_1/blk_mem_gen_0.xci' is already up-to-date
[Mon Oct 23 19:08:39 2023] Launched synth_1...
Run output will be captured here: D:/NUS/Vivado/Project/CAPTCHA_CIRCLES/CAPTCHA_CIRCLES.runs/synth_1/runme.log
[Mon Oct 23 19:08:39 2023] Launched impl_1...
Run output will be captured here: D:/NUS/Vivado/Project/CAPTCHA_CIRCLES/CAPTCHA_CIRCLES.runs/impl_1/runme.log
ERROR: [Labtoolstcl 44-513] HW Target shutdown. Closing target: localhost:3121/xilinx_tcf/Digilent/210183739907A
INFO: [Labtoolstcl 44-466] Opening hw_target localhost:3121/xilinx_tcf/Digilent/210183739907A
INFO: [Labtools 27-1434] Device xc7a35t (JTAG device index = 0) is programmed with a design that has no supported debug core(s) in it.
WARNING: [Labtools 27-3361] The debug hub core was not detected.
Resolution: 
1. Make sure the clock connected to the debug hub (dbg_hub) core is a free running clock and is active.
2. Make sure the BSCAN_SWITCH_USER_MASK device property in Vivado Hardware Manager reflects the user scan chain setting in the design and refresh the device.  To determine the user scan chain setting in the design, open the implemented design and use 'get_property C_USER_SCAN_CHAIN [get_debug_cores dbg_hub]'.
For more details on setting the scan chain property, consult the Vivado Debug and Programming User Guide (UG908).
WARNING: [Labtoolstcl 44-129] No matching hw_ila_data was found.
ERROR: [Labtoolstcl 44-513] HW Target shutdown. Closing target: localhost:3121/xilinx_tcf/Digilent/210183739907A
INFO: [Labtoolstcl 44-466] Opening hw_target localhost:3121/xilinx_tcf/Digilent/210183739907A
INFO: [Labtools 27-1434] Device xc7a35t (JTAG device index = 0) is programmed with a design that has no supported debug core(s) in it.
WARNING: [Labtools 27-3361] The debug hub core was not detected.
Resolution: 
1. Make sure the clock connected to the debug hub (dbg_hub) core is a free running clock and is active.
2. Make sure the BSCAN_SWITCH_USER_MASK device property in Vivado Hardware Manager reflects the user scan chain setting in the design and refresh the device.  To determine the user scan chain setting in the design, open the implemented design and use 'get_property C_USER_SCAN_CHAIN [get_debug_cores dbg_hub]'.
For more details on setting the scan chain property, consult the Vivado Debug and Programming User Guide (UG908).
WARNING: [Labtoolstcl 44-129] No matching hw_ila_data was found.
reset_run synth_1
WARNING: [Vivado 12-1017] Problems encountered:
1. Failed to delete one or more files in run directory D:/NUS/Vivado/Project/CAPTCHA_CIRCLES/CAPTCHA_CIRCLES.runs/synth_1

launch_runs impl_1 -to_step write_bitstream -jobs 2
INFO: [Vivado 12-4149] The synthesis checkpoint for IP 'D:/NUS/Vivado/Project/CAPTCHA_CIRCLES/CAPTCHA_CIRCLES.srcs/sources_1/imports/Desktop/blk_mem_gen_inter/blk_mem_gen_inter.xci' is already up-to-date
INFO: [Vivado 12-4149] The synthesis checkpoint for IP 'D:/NUS/Vivado/Project/CAPTCHA_CIRCLES/CAPTCHA_CIRCLES.srcs/sources_1/imports/Desktop/blk_mem_gen_const/blk_mem_gen_const.xci' is already up-to-date
INFO: [Vivado 12-4149] The synthesis checkpoint for IP 'D:/NUS/Vivado/Project/CAPTCHA_CIRCLES/CAPTCHA_CIRCLES.srcs/sources_1/imports/Desktop/blk_mem_gen_img/blk_mem_gen_img.xci' is already up-to-date
INFO: [Vivado 12-4149] The synthesis checkpoint for IP 'D:/NUS/Vivado/Project/CAPTCHA_CIRCLES/CAPTCHA_CIRCLES.srcs/sources_1/imports/Desktop/blk_mem_gen_0_1/blk_mem_gen_0.xci' is already up-to-date
[Mon Oct 23 19:12:27 2023] Launched synth_1...
Run output will be captured here: D:/NUS/Vivado/Project/CAPTCHA_CIRCLES/CAPTCHA_CIRCLES.runs/synth_1/runme.log
[Mon Oct 23 19:12:27 2023] Launched impl_1...
Run output will be captured here: D:/NUS/Vivado/Project/CAPTCHA_CIRCLES/CAPTCHA_CIRCLES.runs/impl_1/runme.log
set_property PROBES.FILE {} [get_hw_devices xc7a35t_0]
set_property FULL_PROBES.FILE {} [get_hw_devices xc7a35t_0]
set_property PROGRAM.FILE {D:/NUS/Vivado/Project/CAPTCHA_CIRCLES/CAPTCHA_CIRCLES.runs/impl_1/CIRCLE_TOP.bit} [get_hw_devices xc7a35t_0]
program_hw_devices [get_hw_devices xc7a35t_0]
INFO: [Labtools 27-3164] End of startup status: HIGH
refresh_hw_device [lindex [get_hw_devices xc7a35t_0] 0]
INFO: [Labtools 27-1434] Device xc7a35t (JTAG device index = 0) is programmed with a design that has no supported debug core(s) in it.
WARNING: [Labtools 27-3361] The debug hub core was not detected.
Resolution: 
1. Make sure the clock connected to the debug hub (dbg_hub) core is a free running clock and is active.
2. Make sure the BSCAN_SWITCH_USER_MASK device property in Vivado Hardware Manager reflects the user scan chain setting in the design and refresh the device.  To determine the user scan chain setting in the design, open the implemented design and use 'get_property C_USER_SCAN_CHAIN [get_debug_cores dbg_hub]'.
For more details on setting the scan chain property, consult the Vivado Debug and Programming User Guide (UG908).
ERROR: [Labtoolstcl 44-513] HW Target shutdown. Closing target: localhost:3121/xilinx_tcf/Digilent/210183739907A
reset_run synth_1
WARNING: [Vivado 12-1017] Problems encountered:
1. Failed to delete one or more files in run directory D:/NUS/Vivado/Project/CAPTCHA_CIRCLES/CAPTCHA_CIRCLES.runs/synth_1

launch_runs impl_1 -to_step write_bitstream -jobs 2
INFO: [Vivado 12-4149] The synthesis checkpoint for IP 'D:/NUS/Vivado/Project/CAPTCHA_CIRCLES/CAPTCHA_CIRCLES.srcs/sources_1/imports/Desktop/blk_mem_gen_inter/blk_mem_gen_inter.xci' is already up-to-date
INFO: [Vivado 12-4149] The synthesis checkpoint for IP 'D:/NUS/Vivado/Project/CAPTCHA_CIRCLES/CAPTCHA_CIRCLES.srcs/sources_1/imports/Desktop/blk_mem_gen_const/blk_mem_gen_const.xci' is already up-to-date
INFO: [Vivado 12-4149] The synthesis checkpoint for IP 'D:/NUS/Vivado/Project/CAPTCHA_CIRCLES/CAPTCHA_CIRCLES.srcs/sources_1/imports/Desktop/blk_mem_gen_img/blk_mem_gen_img.xci' is already up-to-date
INFO: [Vivado 12-4149] The synthesis checkpoint for IP 'D:/NUS/Vivado/Project/CAPTCHA_CIRCLES/CAPTCHA_CIRCLES.srcs/sources_1/imports/Desktop/blk_mem_gen_0_1/blk_mem_gen_0.xci' is already up-to-date
[Mon Oct 23 20:14:09 2023] Launched synth_1...
Run output will be captured here: D:/NUS/Vivado/Project/CAPTCHA_CIRCLES/CAPTCHA_CIRCLES.runs/synth_1/runme.log
[Mon Oct 23 20:14:09 2023] Launched impl_1...
Run output will be captured here: D:/NUS/Vivado/Project/CAPTCHA_CIRCLES/CAPTCHA_CIRCLES.runs/impl_1/runme.log
reset_run synth_1
WARNING: [Vivado 12-1017] Problems encountered:
1. PID not specified

launch_runs impl_1 -to_step write_bitstream -jobs 2
INFO: [Vivado 12-4149] The synthesis checkpoint for IP 'D:/NUS/Vivado/Project/CAPTCHA_CIRCLES/CAPTCHA_CIRCLES.srcs/sources_1/imports/Desktop/blk_mem_gen_inter/blk_mem_gen_inter.xci' is already up-to-date
INFO: [Vivado 12-4149] The synthesis checkpoint for IP 'D:/NUS/Vivado/Project/CAPTCHA_CIRCLES/CAPTCHA_CIRCLES.srcs/sources_1/imports/Desktop/blk_mem_gen_const/blk_mem_gen_const.xci' is already up-to-date
INFO: [Vivado 12-4149] The synthesis checkpoint for IP 'D:/NUS/Vivado/Project/CAPTCHA_CIRCLES/CAPTCHA_CIRCLES.srcs/sources_1/imports/Desktop/blk_mem_gen_img/blk_mem_gen_img.xci' is already up-to-date
INFO: [Vivado 12-4149] The synthesis checkpoint for IP 'D:/NUS/Vivado/Project/CAPTCHA_CIRCLES/CAPTCHA_CIRCLES.srcs/sources_1/imports/Desktop/blk_mem_gen_0_1/blk_mem_gen_0.xci' is already up-to-date
[Mon Oct 23 20:14:18 2023] Launched synth_1...
Run output will be captured here: D:/NUS/Vivado/Project/CAPTCHA_CIRCLES/CAPTCHA_CIRCLES.runs/synth_1/runme.log
[Mon Oct 23 20:14:18 2023] Launched impl_1...
Run output will be captured here: D:/NUS/Vivado/Project/CAPTCHA_CIRCLES/CAPTCHA_CIRCLES.runs/impl_1/runme.log
disconnect_hw_server localhost:3121
connect_hw_server
INFO: [Labtools 27-2285] Connecting to hw_server url TCP:localhost:3121
open_hw_target
INFO: [Labtoolstcl 44-466] Opening hw_target localhost:3121/xilinx_tcf/Digilent/210183739907A
set_property PROGRAM.FILE {D:/NUS/Vivado/Project/CAPTCHA_CIRCLES/CAPTCHA_CIRCLES.runs/impl_1/CIRCLE_TOP.bit} [get_hw_devices xc7a35t_0]
current_hw_device [get_hw_devices xc7a35t_0]
refresh_hw_device -update_hw_probes false [lindex [get_hw_devices xc7a35t_0] 0]
INFO: [Labtools 27-1434] Device xc7a35t (JTAG device index = 0) is programmed with a design that has no supported debug core(s) in it.
WARNING: [Labtools 27-3361] The debug hub core was not detected.
Resolution: 
1. Make sure the clock connected to the debug hub (dbg_hub) core is a free running clock and is active.
2. Make sure the BSCAN_SWITCH_USER_MASK device property in Vivado Hardware Manager reflects the user scan chain setting in the design and refresh the device.  To determine the user scan chain setting in the design, open the implemented design and use 'get_property C_USER_SCAN_CHAIN [get_debug_cores dbg_hub]'.
For more details on setting the scan chain property, consult the Vivado Debug and Programming User Guide (UG908).
set_property PROBES.FILE {} [get_hw_devices xc7a35t_0]
set_property FULL_PROBES.FILE {} [get_hw_devices xc7a35t_0]
set_property PROGRAM.FILE {D:/NUS/Vivado/Project/CAPTCHA_CIRCLES/CAPTCHA_CIRCLES.runs/impl_1/CIRCLE_TOP.bit} [get_hw_devices xc7a35t_0]
program_hw_devices [get_hw_devices xc7a35t_0]
INFO: [Labtools 27-3164] End of startup status: HIGH
refresh_hw_device [lindex [get_hw_devices xc7a35t_0] 0]
INFO: [Labtools 27-1434] Device xc7a35t (JTAG device index = 0) is programmed with a design that has no supported debug core(s) in it.
WARNING: [Labtools 27-3361] The debug hub core was not detected.
Resolution: 
1. Make sure the clock connected to the debug hub (dbg_hub) core is a free running clock and is active.
2. Make sure the BSCAN_SWITCH_USER_MASK device property in Vivado Hardware Manager reflects the user scan chain setting in the design and refresh the device.  To determine the user scan chain setting in the design, open the implemented design and use 'get_property C_USER_SCAN_CHAIN [get_debug_cores dbg_hub]'.
For more details on setting the scan chain property, consult the Vivado Debug and Programming User Guide (UG908).
reset_run synth_1
WARNING: [Vivado 12-1017] Problems encountered:
1. Failed to delete one or more files in run directory D:/NUS/Vivado/Project/CAPTCHA_CIRCLES/CAPTCHA_CIRCLES.runs/synth_1

launch_runs impl_1 -to_step write_bitstream -jobs 2
INFO: [Vivado 12-4149] The synthesis checkpoint for IP 'D:/NUS/Vivado/Project/CAPTCHA_CIRCLES/CAPTCHA_CIRCLES.srcs/sources_1/imports/Desktop/blk_mem_gen_inter/blk_mem_gen_inter.xci' is already up-to-date
INFO: [Vivado 12-4149] The synthesis checkpoint for IP 'D:/NUS/Vivado/Project/CAPTCHA_CIRCLES/CAPTCHA_CIRCLES.srcs/sources_1/imports/Desktop/blk_mem_gen_const/blk_mem_gen_const.xci' is already up-to-date
INFO: [Vivado 12-4149] The synthesis checkpoint for IP 'D:/NUS/Vivado/Project/CAPTCHA_CIRCLES/CAPTCHA_CIRCLES.srcs/sources_1/imports/Desktop/blk_mem_gen_img/blk_mem_gen_img.xci' is already up-to-date
INFO: [Vivado 12-4149] The synthesis checkpoint for IP 'D:/NUS/Vivado/Project/CAPTCHA_CIRCLES/CAPTCHA_CIRCLES.srcs/sources_1/imports/Desktop/blk_mem_gen_0_1/blk_mem_gen_0.xci' is already up-to-date
[Mon Oct 23 20:20:36 2023] Launched synth_1...
Run output will be captured here: D:/NUS/Vivado/Project/CAPTCHA_CIRCLES/CAPTCHA_CIRCLES.runs/synth_1/runme.log
[Mon Oct 23 20:20:36 2023] Launched impl_1...
Run output will be captured here: D:/NUS/Vivado/Project/CAPTCHA_CIRCLES/CAPTCHA_CIRCLES.runs/impl_1/runme.log
set_property PROBES.FILE {} [get_hw_devices xc7a35t_0]
set_property FULL_PROBES.FILE {} [get_hw_devices xc7a35t_0]
set_property PROGRAM.FILE {D:/NUS/Vivado/Project/CAPTCHA_CIRCLES/CAPTCHA_CIRCLES.runs/impl_1/CIRCLE_TOP.bit} [get_hw_devices xc7a35t_0]
program_hw_devices [get_hw_devices xc7a35t_0]
INFO: [Labtools 27-3164] End of startup status: HIGH
refresh_hw_device [lindex [get_hw_devices xc7a35t_0] 0]
INFO: [Labtools 27-1434] Device xc7a35t (JTAG device index = 0) is programmed with a design that has no supported debug core(s) in it.
WARNING: [Labtools 27-3361] The debug hub core was not detected.
Resolution: 
1. Make sure the clock connected to the debug hub (dbg_hub) core is a free running clock and is active.
2. Make sure the BSCAN_SWITCH_USER_MASK device property in Vivado Hardware Manager reflects the user scan chain setting in the design and refresh the device.  To determine the user scan chain setting in the design, open the implemented design and use 'get_property C_USER_SCAN_CHAIN [get_debug_cores dbg_hub]'.
For more details on setting the scan chain property, consult the Vivado Debug and Programming User Guide (UG908).
reset_run synth_1
WARNING: [Vivado 12-1017] Problems encountered:
1. Failed to delete one or more files in run directory D:/NUS/Vivado/Project/CAPTCHA_CIRCLES/CAPTCHA_CIRCLES.runs/synth_1

launch_runs impl_1 -to_step write_bitstream -jobs 2
INFO: [Vivado 12-4149] The synthesis checkpoint for IP 'D:/NUS/Vivado/Project/CAPTCHA_CIRCLES/CAPTCHA_CIRCLES.srcs/sources_1/imports/Desktop/blk_mem_gen_inter/blk_mem_gen_inter.xci' is already up-to-date
INFO: [Vivado 12-4149] The synthesis checkpoint for IP 'D:/NUS/Vivado/Project/CAPTCHA_CIRCLES/CAPTCHA_CIRCLES.srcs/sources_1/imports/Desktop/blk_mem_gen_const/blk_mem_gen_const.xci' is already up-to-date
INFO: [Vivado 12-4149] The synthesis checkpoint for IP 'D:/NUS/Vivado/Project/CAPTCHA_CIRCLES/CAPTCHA_CIRCLES.srcs/sources_1/imports/Desktop/blk_mem_gen_img/blk_mem_gen_img.xci' is already up-to-date
INFO: [Vivado 12-4149] The synthesis checkpoint for IP 'D:/NUS/Vivado/Project/CAPTCHA_CIRCLES/CAPTCHA_CIRCLES.srcs/sources_1/imports/Desktop/blk_mem_gen_0_1/blk_mem_gen_0.xci' is already up-to-date
[Mon Oct 23 20:25:30 2023] Launched synth_1...
Run output will be captured here: D:/NUS/Vivado/Project/CAPTCHA_CIRCLES/CAPTCHA_CIRCLES.runs/synth_1/runme.log
[Mon Oct 23 20:25:30 2023] Launched impl_1...
Run output will be captured here: D:/NUS/Vivado/Project/CAPTCHA_CIRCLES/CAPTCHA_CIRCLES.runs/impl_1/runme.log
set_property PROBES.FILE {} [get_hw_devices xc7a35t_0]
set_property FULL_PROBES.FILE {} [get_hw_devices xc7a35t_0]
set_property PROGRAM.FILE {D:/NUS/Vivado/Project/CAPTCHA_CIRCLES/CAPTCHA_CIRCLES.runs/impl_1/CIRCLE_TOP.bit} [get_hw_devices xc7a35t_0]
program_hw_devices [get_hw_devices xc7a35t_0]
INFO: [Labtools 27-3164] End of startup status: HIGH
refresh_hw_device [lindex [get_hw_devices xc7a35t_0] 0]
INFO: [Labtools 27-1434] Device xc7a35t (JTAG device index = 0) is programmed with a design that has no supported debug core(s) in it.
WARNING: [Labtools 27-3361] The debug hub core was not detected.
Resolution: 
1. Make sure the clock connected to the debug hub (dbg_hub) core is a free running clock and is active.
2. Make sure the BSCAN_SWITCH_USER_MASK device property in Vivado Hardware Manager reflects the user scan chain setting in the design and refresh the device.  To determine the user scan chain setting in the design, open the implemented design and use 'get_property C_USER_SCAN_CHAIN [get_debug_cores dbg_hub]'.
For more details on setting the scan chain property, consult the Vivado Debug and Programming User Guide (UG908).
